apps/music-android/app/build/intermediates/manifest_merge_blame_file/debug/processDebugMainManifest/manifest-merger-blame-debug-report.txt
1<?xml version="1.0" encoding="utf-8"?>
2<manifest xmlns:android="http://schemas.android.com/apk/res/android"
3    package="com.moodify.music"
4    android:versionCode="1"
5    android:versionName="0.1.0-internal" >
6
7    <uses-sdk
8        android:minSdkVersion="26"
9        android:targetSdkVersion="36" />
10
11    <uses-permission android:name="android.permission.INTERNET" />
11-->src\main\AndroidManifest.xml:4:5-67
11-->src\main\AndroidManifest.xml:4:22-64
12    <uses-permission android:name="android.permission.ACCESS_NETWORK_STATE" />
12-->[androidx.media3:media3-common:1.10.1] AndroidManifest.xml:22:5-79
12-->[androidx.media3:media3-common:1.10.1] AndroidManifest.xml:22:22-76
13    <uses-permission android:name="android.permission.WAKE_LOCK" />
13-->[androidx.media3:media3-exoplayer:1.10.1] AndroidManifest.xml:23:5-68
13-->[androidx.media3:media3-exoplayer:1.10.1] AndroidManifest.xml:23:22-65
14
15    <permission
15-->[androidx.core:core:1.13.1] AndroidManifest.xml:22:5-24:47
16        android:name="com.moodify.music.DYNAMIC_RECEIVER_NOT_EXPORTED_PERMISSION"
16-->[androidx.core:core:1.13.1] AndroidManifest.xml:23:9-81
17        android:protectionLevel="signature" />
17-->[androidx.core:core:1.13.1] AndroidManifest.xml:24:9-44
18
19    <uses-permission android:name="com.moodify.music.DYNAMIC_RECEIVER_NOT_EXPORTED_PERMISSION" />
19-->[androidx.core:core:1.13.1] AndroidManifest.xml:26:5-97
19-->[androidx.core:core:1.13.1] AndroidManifest.xml:26:22-94
20
21    <application
21-->src\main\AndroidManifest.xml:6:5-20:19
22        android:appComponentFactory="androidx.core.app.CoreComponentFactory"
22-->[androidx.core:core:1.13.1] AndroidManifest.xml:28:18-86
23        android:debuggable="true"
24        android:extractNativeLibs="false"
25        android:icon="@android:drawable/ic_media_play"
25-->src\main\AndroidManifest.xml:8:9-55
26        android:label="Moodify Music"
26-->src\main\AndroidManifest.xml:7:9-38
27        android:theme="@android:style/Theme.Material.NoActionBar"
27-->src\main\AndroidManifest.xml:9:9-66
28        android:usesCleartextTraffic="false" >
28-->src\main\AndroidManifest.xml:10:9-45
29        <activity
29-->src\main\AndroidManifest.xml:11:9-19:20
30            android:name="com.moodify.music.MainActivity"
30-->src\main\AndroidManifest.xml:12:13-41
31            android:configChanges="orientation|screenSize|keyboardHidden"
31-->src\main\AndroidManifest.xml:14:13-74
32            android:exported="true" >
32-->src\main\AndroidManifest.xml:13:13-36
33            <intent-filter>
33-->src\main\AndroidManifest.xml:15:13-18:29
34                <action android:name="android.intent.action.MAIN" />
34-->src\main\AndroidManifest.xml:16:17-69
34-->src\main\AndroidManifest.xml:16:25-66
35
36                <category android:name="android.intent.category.LAUNCHER" />
36-->src\main\AndroidManifest.xml:17:17-77
36-->src\main\AndroidManifest.xml:17:27-74
37            </intent-filter>
38        </activity>
39
40        <provider
40-->[androidx.emoji2:emoji2:1.4.0] AndroidManifest.xml:24:9-32:20
41            android:name="androidx.startup.InitializationProvider"
41-->[androidx.emoji2:emoji2:1.4.0] AndroidManifest.xml:25:13-67
42            android:authorities="com.moodify.music.androidx-startup"
42-->[androidx.emoji2:emoji2:1.4.0] AndroidManifest.xml:26:13-68
43            android:exported="false" >
43-->[androidx.emoji2:emoji2:1.4.0] AndroidManifest.xml:27:13-37
44            <meta-data
44-->[androidx.emoji2:emoji2:1.4.0] AndroidManifest.xml:29:13-31:52
45                android:name="androidx.emoji2.text.EmojiCompatInitializer"
45-->[androidx.emoji2:emoji2:1.4.0] AndroidManifest.xml:30:17-75
46                android:value="androidx.startup" />
46-->[androidx.emoji2:emoji2:1.4.0] AndroidManifest.xml:31:17-49
47            <meta-data
47-->[androidx.lifecycle:lifecycle-process:2.9.1] AndroidManifest.xml:29:13-31:52
48                android:name="androidx.lifecycle.ProcessLifecycleInitializer"
48-->[androidx.lifecycle:lifecycle-process:2.9.1] AndroidManifest.xml:30:17-78
49                android:value="androidx.startup" />
49-->[androidx.lifecycle:lifecycle-process:2.9.1] AndroidManifest.xml:31:17-49
50            <meta-data
50-->[androidx.profileinstaller:profileinstaller:1.4.0] AndroidManifest.xml:29:13-31:52
51                android:name="androidx.profileinstaller.ProfileInstallerInitializer"
51-->[androidx.profileinstaller:profileinstaller:1.4.0] AndroidManifest.xml:30:17-85
52                android:value="androidx.startup" />
52-->[androidx.profileinstaller:profileinstaller:1.4.0] AndroidManifest.xml:31:17-49
53        </provider>
54
55        <receiver
55-->[androidx.profileinstaller:profileinstaller:1.4.0] AndroidManifest.xml:34:9-52:20
56            android:name="androidx.profileinstaller.ProfileInstallReceiver"
56-->[androidx.profileinstaller:profileinstaller:1.4.0] AndroidManifest.xml:35:13-76
57            android:directBootAware="false"
57-->[androidx.profileinstaller:profileinstaller:1.4.0] AndroidManifest.xml:36:13-44
58            android:enabled="true"
58-->[androidx.profileinstaller:profileinstaller:1.4.0] AndroidManifest.xml:37:13-35
59            android:exported="true"
59-->[androidx.profileinstaller:profileinstaller:1.4.0] AndroidManifest.xml:38:13-36
60            android:permission="android.permission.DUMP" >
60-->[androidx.profileinstaller:profileinstaller:1.4.0] AndroidManifest.xml:39:13-57
61            <intent-filter>
61-->[androidx.profileinstaller:profileinstaller:1.4.0] AndroidManifest.xml:40:13-42:29
62                <action android:name="androidx.profileinstaller.action.INSTALL_PROFILE" />
62-->[androidx.profileinstaller:profileinstaller:1.4.0] AndroidManifest.xml:41:17-91
62-->[androidx.profileinstaller:profileinstaller:1.4.0] AndroidManifest.xml:41:25-88
63            </intent-filter>
64            <intent-filter>
64-->[androidx.profileinstaller:profileinstaller:1.4.0] AndroidManifest.xml:43:13-45:29
65                <action android:name="androidx.profileinstaller.action.SKIP_FILE" />
65-->[androidx.profileinstaller:profileinstaller:1.4.0] AndroidManifest.xml:44:17-85
65-->[androidx.profileinstaller:profileinstaller:1.4.0] AndroidManifest.xml:44:25-82
66            </intent-filter>
67            <intent-filter>
67-->[androidx.profileinstaller:profileinstaller:1.4.0] AndroidManifest.xml:46:13-48:29
68                <action android:name="androidx.profileinstaller.action.SAVE_PROFILE" />
68-->[androidx.profileinstaller:profileinstaller:1.4.0] AndroidManifest.xml:47:17-88
68-->[androidx.profileinstaller:profileinstaller:1.4.0] AndroidManifest.xml:47:25-85
69            </intent-filter>
70            <intent-filter>
70-->[androidx.profileinstaller:profileinstaller:1.4.0] AndroidManifest.xml:49:13-51:29
71                <action android:name="androidx.profileinstaller.action.BENCHMARK_OPERATION" />
71-->[androidx.profileinstaller:profileinstaller:1.4.0] AndroidManifest.xml:50:17-95
71-->[androidx.profileinstaller:profileinstaller:1.4.0] AndroidManifest.xml:50:25-92
72            </intent-filter>
73        </receiver>
74    </application>
75
76</manifest>